# JRE version: OpenJDK Runtime Environment (21.0.6) (build 21.0.6+-13391695-b895.109)
# Java VM: OpenJDK 64-Bit Server VM (21.0.6+-13391695-b895.109, mixed mode, tiered, compressed oops, compressed class ptrs, g1 gc, windows-amd64)
GC Precious Log:
 CardTable entry size: 512
 Card Set container configuration: InlinePtr #cards 5 size 8 Array Of Cards #cards 12 size 40 Howl #buckets 4 coarsen threshold 1843 Howl Bitmap #cards 512 size 80 coarsen threshold 460 Card regions per heap region 1 cards per card region 2048
 CPUs: 16 total, 16 available
 Memory: 32060M
 Large Page Support: Disabled
 NUMA Support: Disabled
 Compressed Oops: Enabled (32-bit)
 Heap Region Size: 1M
 Heap Min Capacity: 8M
 Heap Initial Capacity: 502M
 Heap Max Capacity: 2G
 Pre-touch: Disabled
 Parallel Workers: 13
 Concurrent Workers: 3
 Concurrent Refinement Workers: 13
 Periodic GC: Disabled
Heap:
 garbage-first heap   total 432128K, used 169460K [0x0000000080000000, 0x0000000100000000)
  region size 1024K, 19 young (19456K), 9 survivors (9216K)
 Metaspace       used 154530K, committed 157568K, reserved 1245184K
  class space    used 20725K, committed 22528K, reserved 1048576K
GC Heap History (20 events):
Event: 1779.252 GC heap before
{Heap before GC invocations=27 (full 0):
 garbage-first heap   total 293888K, used 260718K [0x0000000080000000, 0x0000000100000000)
  region size 1024K, 155 young (158720K), 16 survivors (16384K)
 Metaspace       used 122514K, committed 124800K, reserved 1179648K
  class space    used 16617K, committed 17728K, reserved 1048576K
}
Event: 1779.259 GC heap after
{Heap after GC invocations=28 (full 0):
 garbage-first heap   total 293888K, used 125440K [0x0000000080000000, 0x0000000100000000)
  region size 1024K, 16 young (16384K), 16 survivors (16384K)
 Metaspace       used 122514K, committed 124800K, reserved 1179648K
  class space    used 16617K, committed 17728K, reserved 1048576K
}
Event: 1781.721 GC heap before
{Heap before GC invocations=28 (full 0):
 garbage-first heap   total 293888K, used 265728K [0x0000000080000000, 0x0000000100000000)
  region size 1024K, 149 young (152576K), 16 survivors (16384K)
 Metaspace       used 129279K, committed 131648K, reserved 1179648K
  class space    used 17372K, committed 18624K, reserved 1048576K
}
Event: 1781.730 GC heap after
{Heap after GC invocations=29 (full 0):
 garbage-first heap   total 297984K, used 136363K [0x0000000080000000, 0x0000000100000000)
  region size 1024K, 19 young (19456K), 19 survivors (19456K)
 Metaspace       used 129279K, committed 131648K, reserved 1179648K
  class space    used 17372K, committed 18624K, reserved 1048576K
}
Event: 1793.718 GC heap before
{Heap before GC invocations=29 (full 0):
 garbage-first heap   total 297984K, used 260267K [0x0000000080000000, 0x0000000100000000)
  region size 1024K, 141 young (144384K), 19 survivors (19456K)
 Metaspace       used 131778K, committed 134144K, reserved 1179648K
  class space    used 17748K, committed 18944K, reserved 1048576K
}
Event: 1793.728 GC heap after
{Heap after GC invocations=30 (full 0):
 garbage-first heap   total 297984K, used 150415K [0x0000000080000000, 0x0000000100000000)
  region size 1024K, 13 young (13312K), 13 survivors (13312K)
 Metaspace       used 131778K, committed 134144K, reserved 1179648K
  class space    used 17748K, committed 18944K, reserved 1048576K
}
Event: 1794.820 GC heap before
{Heap before GC invocations=31 (full 0):
 garbage-first heap   total 297984K, used 267151K [0x0000000080000000, 0x0000000100000000)
  region size 1024K, 128 young (131072K), 13 survivors (13312K)
 Metaspace       used 147089K, committed 149504K, reserved 1179648K
  class space    used 20179K, committed 21376K, reserved 1048576K
}
Event: 1794.826 GC heap after
{Heap after GC invocations=32 (full 0):
 garbage-first heap   total 297984K, used 155825K [0x0000000080000000, 0x0000000100000000)
  region size 1024K, 6 young (6144K), 6 survivors (6144K)
 Metaspace       used 147089K, committed 149504K, reserved 1179648K
  class space    used 20179K, committed 21376K, reserved 1048576K
}
Event: 1796.344 GC heap before
{Heap before GC invocations=32 (full 0):
 garbage-first heap   total 381952K, used 380081K [0x0000000080000000, 0x0000000100000000)
  region size 1024K, 118 young (120832K), 6 survivors (6144K)
 Metaspace       used 154290K, committed 156800K, reserved 1245184K
  class space    used 21218K, committed 22464K, reserved 1048576K
}
Event: 1796.351 GC heap after
{Heap after GC invocations=33 (full 0):
 garbage-first heap   total 393216K, used 158358K [0x0000000080000000, 0x0000000100000000)
  region size 1024K, 8 young (8192K), 8 survivors (8192K)
 Metaspace       used 154290K, committed 156800K, reserved 1245184K
  class space    used 21218K, committed 22464K, reserved 1048576K
}
Event: 3817.428 GC heap before
{Heap before GC invocations=33 (full 0):
 garbage-first heap   total 393216K, used 354966K [0x0000000080000000, 0x0000000100000000)
  region size 1024K, 201 young (205824K), 8 survivors (8192K)
 Metaspace       used 154964K, committed 157440K, reserved 1245184K
  class space    used 21253K, committed 22528K, reserved 1048576K
}
Event: 3817.437 GC heap after
{Heap after GC invocations=34 (full 0):
 garbage-first heap   total 393216K, used 171407K [0x0000000080000000, 0x0000000100000000)
  region size 1024K, 21 young (21504K), 21 survivors (21504K)
 Metaspace       used 154964K, committed 157440K, reserved 1245184K
  class space    used 21253K, committed 22528K, reserved 1048576K
}
Event: 3822.061 GC heap before
{Heap before GC invocations=35 (full 0):
 garbage-first heap   total 407552K, used 405903K [0x0000000080000000, 0x0000000100000000)
  region size 1024K, 143 young (146432K), 21 survivors (21504K)
 Metaspace       used 152334K, committed 157568K, reserved 1245184K
  class space    used 20489K, committed 22528K, reserved 1048576K
}
Event: 3822.070 GC heap after
{Heap after GC invocations=36 (full 0):
 garbage-first heap   total 432128K, used 174326K [0x0000000080000000, 0x0000000100000000)
  region size 1024K, 5 young (5120K), 5 survivors (5120K)
 Metaspace       used 152334K, committed 157568K, reserved 1245184K
  class space    used 20489K, committed 22528K, reserved 1048576K
}
Event: 4170.539 GC heap before
{Heap before GC invocations=36 (full 0):
 garbage-first heap   total 432128K, used 388342K [0x0000000080000000, 0x0000000100000000)
  region size 1024K, 215 young (220160K), 5 survivors (5120K)
 Metaspace       used 153795K, committed 157568K, reserved 1245184K
  class space    used 20727K, committed 22528K, reserved 1048576K
}
Event: 4170.549 GC heap after
{Heap after GC invocations=37 (full 0):
 garbage-first heap   total 432128K, used 157669K [0x0000000080000000, 0x0000000100000000)
  region size 1024K, 6 young (6144K), 6 survivors (6144K)
 Metaspace       used 153795K, committed 157568K, reserved 1245184K
  class space    used 20727K, committed 22528K, reserved 1048576K
}
Event: 4209.299 GC heap before
{Heap before GC invocations=37 (full 0):
 garbage-first heap   total 432128K, used 398309K [0x0000000080000000, 0x0000000100000000)
  region size 1024K, 242 young (247808K), 6 survivors (6144K)
 Metaspace       used 154344K, committed 157568K, reserved 1245184K
  class space    used 20732K, committed 22528K, reserved 1048576K
}
Event: 4209.305 GC heap after
{Heap after GC invocations=38 (full 0):
 garbage-first heap   total 432128K, used 165613K [0x0000000080000000, 0x0000000100000000)
  region size 1024K, 14 young (14336K), 14 survivors (14336K)
 Metaspace       used 154344K, committed 157568K, reserved 1245184K
  class space    used 20732K, committed 22528K, reserved 1048576K
}
Event: 4241.763 GC heap before
{Heap before GC invocations=39 (full 0):
 garbage-first heap   total 432128K, used 391917K [0x0000000080000000, 0x0000000100000000)
  region size 1024K, 237 young (242688K), 14 survivors (14336K)
 Metaspace       used 154514K, committed 157568K, reserved 1245184K
  class space    used 20725K, committed 22528K, reserved 1048576K
}
Event: 4241.767 GC heap after
{Heap after GC invocations=40 (full 0):
 garbage-first heap   total 432128K, used 160244K [0x0000000080000000, 0x0000000100000000)
  region size 1024K, 9 young (9216K), 9 survivors (9216K)
 Metaspace       used 154514K, committed 157568K, reserved 1245184K
  class space    used 20725K, committed 22528K, reserved 1048576K
}

